2026-02-02 11:54:29,981 - app.services.yandex_metrica - INFO - 📊 Yandex Metrica инициализирован (enabled=True)
2026-02-02 11:54:29,981 - __main__ - INFO - ✅ Бот запущен!
2026-02-02 11:54:29,982 - apscheduler.scheduler - INFO - Adding job tentatively -- it will be properly scheduled when the scheduler starts
2026-02-02 11:54:29,982 - apscheduler.scheduler - INFO - Added job "send_daily_report" to job store "default"
2026-02-02 11:54:29,982 - apscheduler.scheduler - INFO - Scheduler started
2026-02-02 11:54:29,982 - __main__ - INFO - 📅 Планировщик запущен: отчёты будут отправляться в 04:30
2026-02-02 11:54:29,983 - __main__ - INFO - 🚀 Сервер оплат запущен на порту 5001
2026-02-02 11:54:29,983 - aiogram.dispatcher - INFO - Start polling
2026-02-02 11:54:30,698 - aiogram.dispatcher - INFO - Run polling for bot @testfor_test_bot id=8311431448 - 'Test Banan'
2026-02-02 11:54:35,225 - aiogram.event - INFO - Update id=171763416 is handled. Duration 759 ms by bot id=8311431448
2026-02-02 11:54:36,569 - aiogram.event - INFO - Update id=171763417 is handled. Duration 255 ms by bot id=8311431448
2026-02-02 11:54:50,413 - aiogram.event - INFO - Update id=171763418 is handled. Duration 259 ms by bot id=8311431448
2026-02-02 11:54:52,036 - aiogram.event - INFO - Update id=171763419 is handled. Duration 263 ms by bot id=8311431448
2026-02-02 11:59:01,342 - aiogram.dispatcher - WARNING - Received SIGINT signal
2026-02-02 11:59:01,343 - aiogram.dispatcher - INFO - Polling stopped for bot @testfor_test_bot id=8311431448 - 'Test Banan'
2026-02-02 11:59:01,343 - aiogram.dispatcher - INFO - Polling stopped
2026-02-02 11:59:07,605 - app.services.yandex_metrica - INFO - 📊 Yandex Metrica инициализирован (enabled=True)
2026-02-02 11:59:07,605 - __main__ - INFO - ✅ Бот запущен!
2026-02-02 11:59:07,606 - apscheduler.scheduler - INFO - Adding job tentatively -- it will be properly scheduled when the scheduler starts
2026-02-02 11:59:07,606 - apscheduler.scheduler - INFO - Added job "send_daily_report" to job store "default"
2026-02-02 11:59:07,606 - apscheduler.scheduler - INFO - Scheduler started
2026-02-02 11:59:07,606 - __main__ - INFO - 📅 Планировщик запущен: отчёты будут отправляться в 04:30
2026-02-02 11:59:07,606 - __main__ - INFO - 🚀 Сервер оплат запущен на порту 5001
2026-02-02 11:59:07,606 - aiogram.dispatcher - INFO - Start polling
2026-02-02 11:59:08,427 - aiogram.dispatcher - INFO - Run polling for bot @testfor_test_bot id=8311431448 - 'Test Banan'
2026-02-02 11:59:15,722 - aiogram.event - INFO - Update id=171763420 is handled. Duration 656 ms by bot id=8311431448
2026-02-02 11:59:17,325 - aiogram.event - INFO - Update id=171763421 is handled. Duration 349 ms by bot id=8311431448
2026-02-02 11:59:20,025 - aiogram.event - INFO - Update id=171763422 is handled. Duration 280 ms by bot id=8311431448
2026-02-02 11:59:24,555 - aiogram.event - INFO - Update id=171763423 is handled. Duration 280 ms by bot id=8311431448
2026-02-02 12:00:42,503 - aiogram.dispatcher - WARNING - Received SIGINT signal
2026-02-02 12:00:42,504 - aiogram.dispatcher - INFO - Polling stopped for bot @testfor_test_bot id=8311431448 - 'Test Banan'
2026-02-02 12:00:42,505 - aiogram.dispatcher - INFO - Polling stopped
2026-02-02 12:00:48,390 - app.services.yandex_metrica - INFO - 📊 Yandex Metrica инициализирован (enabled=True)
2026-02-02 12:00:48,390 - __main__ - INFO - ✅ Бот запущен!
2026-02-02 12:00:48,391 - apscheduler.scheduler - INFO - Adding job tentatively -- it will be properly scheduled when the scheduler starts
2026-02-02 12:00:48,391 - apscheduler.scheduler - INFO - Added job "send_daily_report" to job store "default"
2026-02-02 12:00:48,391 - apscheduler.scheduler - INFO - Scheduler started
2026-02-02 12:00:48,391 - __main__ - INFO - 📅 Планировщик запущен: отчёты будут отправляться в 04:30
2026-02-02 12:00:48,391 - __main__ - INFO - 🚀 Сервер оплат запущен на порту 5001
2026-02-02 12:00:48,391 - aiogram.dispatcher - INFO - Start polling
2026-02-02 12:00:49,259 - aiogram.dispatcher - INFO - Run polling for bot @testfor_test_bot id=8311431448 - 'Test Banan'
2026-02-02 12:00:54,334 - aiogram.event - INFO - Update id=171763424 is handled. Duration 670 ms by bot id=8311431448
2026-02-02 12:00:55,654 - __main__ - INFO - 🔍 ПОСЛЕ ОЧИСТКИ: 'cгенерировать'
2026-02-02 12:00:55,654 - __main__ - INFO - 🔍 В СПИСКЕ: False
2026-02-02 12:00:56,036 - aiogram.event - INFO - Update id=171763425 is handled. Duration 399 ms by bot id=8311431448
2026-02-02 12:02:59,175 - aiogram.dispatcher - WARNING - Received SIGINT signal
2026-02-02 12:02:59,177 - aiogram.dispatcher - INFO - Polling stopped for bot @testfor_test_bot id=8311431448 - 'Test Banan'
2026-02-02 12:02:59,177 - aiogram.dispatcher - INFO - Polling stopped
2026-02-02 12:03:13,211 - app.services.yandex_metrica - INFO - 📊 Yandex Metrica инициализирован (enabled=True)
2026-02-02 12:03:13,211 - __main__ - INFO - ✅ Бот запущен!
2026-02-02 12:03:13,212 - apscheduler.scheduler - INFO - Adding job tentatively -- it will be properly scheduled when the scheduler starts
2026-02-02 12:03:13,212 - apscheduler.scheduler - INFO - Added job "send_daily_report" to job store "default"
2026-02-02 12:03:13,212 - apscheduler.scheduler - INFO - Scheduler started
2026-02-02 12:03:13,212 - __main__ - INFO - 📅 Планировщик запущен: отчёты будут отправляться в 04:30
2026-02-02 12:03:13,212 - __main__ - INFO - 🚀 Сервер оплат запущен на порту 5001
2026-02-02 12:03:13,212 - aiogram.dispatcher - INFO - Start polling
2026-02-02 12:03:13,918 - aiogram.dispatcher - INFO - Run polling for bot @testfor_test_bot id=8311431448 - 'Test Banan'
2026-02-02 12:03:19,205 - aiogram.event - INFO - Update id=171763426 is handled. Duration 661 ms by bot id=8311431448
2026-02-02 12:03:23,445 - __main__ - INFO - 🔍 ПОСЛЕ ОЧИСТКИ: 'сгенерировать'
2026-02-02 12:03:23,445 - __main__ - INFO - 🔍 В СПИСКЕ: True
2026-02-02 12:03:23,714 - aiogram.event - INFO - Update id=171763427 is handled. Duration 288 ms by bot id=8311431448
2026-02-02 12:03:29,579 - __main__ - INFO - 🔍 ПОСЛЕ ОЧИСТКИ: 'сгенерировать'
2026-02-02 12:03:29,579 - __main__ - INFO - 🔍 В СПИСКЕ: True
2026-02-02 12:03:29,823 - aiogram.event - INFO - Update id=171763428 is handled. Duration 253 ms by bot id=8311431448
2026-02-02 12:16:48,433 - aiogram.dispatcher - WARNING - Received SIGINT signal
2026-02-02 12:16:48,436 - aiogram.dispatcher - INFO - Polling stopped for bot @testfor_test_bot id=8311431448 - 'Test Banan'
2026-02-02 12:16:48,436 - aiogram.dispatcher - INFO - Polling stopped
2026-02-02 12:16:54,359 - app.services.yandex_metrica - INFO - 📊 Yandex Metrica инициализирован (enabled=True)
2026-02-02 12:16:54,359 - __main__ - INFO - ✅ Бот запущен!
2026-02-02 12:16:54,360 - apscheduler.scheduler - INFO - Adding job tentatively -- it will be properly scheduled when the scheduler starts
2026-02-02 12:16:54,360 - apscheduler.scheduler - INFO - Added job "send_daily_report" to job store "default"
2026-02-02 12:16:54,360 - apscheduler.scheduler - INFO - Scheduler started
2026-02-02 12:16:54,360 - __main__ - INFO - 📅 Планировщик запущен: отчёты будут отправляться в 04:30
2026-02-02 12:16:54,360 - __main__ - INFO - 🚀 Сервер оплат запущен на порту 5001
2026-02-02 12:16:54,360 - aiogram.dispatcher - INFO - Start polling
2026-02-02 12:16:55,056 - aiogram.dispatcher - INFO - Run polling for bot @testfor_test_bot id=8311431448 - 'Test Banan'
2026-02-02 12:17:00,461 - aiogram.event - INFO - Update id=171763429 is handled. Duration 662 ms by bot id=8311431448
2026-02-02 12:22:36,509 - aiogram.dispatcher - ERROR - Failed to fetch updates - TelegramNetworkError: HTTP Client says - Request timeout error
2026-02-02 12:22:36,509 - aiogram.dispatcher - WARNING - Sleep for 1.000000 seconds and try again... (tryings = 0, bot id = 8311431448)
2026-02-02 12:22:48,248 - aiogram.dispatcher - INFO - Connection established (tryings = 1, bot id = 8311431448)
2026-02-02 23:39:48,339 - app.services.yandex_metrica - INFO - 📊 Yandex Metrica инициализирован (enabled=True)
2026-02-02 23:39:48,340 - __main__ - INFO - ✅ Бот запущен!
2026-02-02 23:39:48,341 - apscheduler.scheduler - INFO - Adding job tentatively -- it will be properly scheduled when the scheduler starts
2026-02-02 23:39:48,341 - apscheduler.scheduler - INFO - Added job "send_daily_report" to job store "default"
2026-02-02 23:39:48,341 - apscheduler.scheduler - INFO - Scheduler started
2026-02-02 23:39:48,341 - __main__ - INFO - 📅 Планировщик запущен: отчёты будут отправляться в 04:30
2026-02-02 23:39:48,342 - __main__ - INFO - 🚀 Сервер оплат запущен на порту 5001
2026-02-02 23:39:48,342 - aiogram.dispatcher - INFO - Start polling
2026-02-02 23:39:49,118 - aiogram.dispatcher - INFO - Run polling for bot @testfor_test_bot id=8311431448 - 'Test Banan'
2026-02-02 23:39:54,669 - aiogram.event - INFO - Update id=171763430 is handled. Duration 771 ms by bot id=8311431448
2026-02-02 23:42:04,047 - aiogram.event - INFO - Update id=171763431 is handled. Duration 298 ms by bot id=8311431448
2026-02-02 23:42:48,825 - aiogram.event - INFO - Update id=171763432 is handled. Duration 676 ms by bot id=8311431448
2026-02-03 01:48:27,720 - aiogram.dispatcher - ERROR - Failed to fetch updates - TelegramNetworkError: HTTP Client says - Request timeout error
2026-02-03 01:48:27,722 - aiogram.dispatcher - WARNING - Sleep for 1.000000 seconds and try again... (tryings = 0, bot id = 8311431448)
2026-02-03 01:57:06,639 - aiogram.dispatcher - INFO - Connection established (tryings = 1, bot id = 8311431448)
2026-02-03 02:12:30,242 - aiogram.dispatcher - ERROR - Failed to fetch updates - TelegramNetworkError: HTTP Client says - Request timeout error
2026-02-03 02:12:30,244 - aiogram.dispatcher - WARNING - Sleep for 1.000000 seconds and try again... (tryings = 0, bot id = 8311431448)
2026-02-03 02:55:39,732 - aiogram.dispatcher - ERROR - Failed to fetch updates - TelegramNetworkError: HTTP Client says - Request timeout error
2026-02-03 02:55:39,733 - aiogram.dispatcher - WARNING - Sleep for 1.174897 seconds and try again... (tryings = 1, bot id = 8311431448)
2026-02-03 03:57:44,181 - aiogram.dispatcher - ERROR - Failed to fetch updates - TelegramNetworkError: HTTP Client says - Request timeout error
2026-02-03 03:57:44,183 - aiogram.dispatcher - WARNING - Sleep for 1.788970 seconds and try again... (tryings = 2, bot id = 8311431448)
2026-02-03 06:59:36,234 - aiogram.dispatcher - ERROR - Failed to fetch updates - TelegramNetworkError: HTTP Client says - Request timeout error
2026-02-03 06:59:36,235 - aiogram.dispatcher - WARNING - Sleep for 2.426710 seconds and try again... (tryings = 3, bot id = 8311431448)
2026-02-03 10:18:20,094 - aiogram.dispatcher - ERROR - Failed to fetch updates - TelegramNetworkError: HTTP Client says - Request timeout error
2026-02-03 10:18:20,094 - aiogram.dispatcher - WARNING - Sleep for 3.156315 seconds and try again... (tryings = 4, bot id = 8311431448)
2026-02-03 10:51:52,584 - aiogram.dispatcher - ERROR - Failed to fetch updates - TelegramNetworkError: HTTP Client says - Request timeout error
2026-02-03 10:51:52,584 - aiogram.dispatcher - WARNING - Sleep for 4.178161 seconds and try again... (tryings = 5, bot id = 8311431448)
2026-02-03 10:52:07,623 - aiogram.dispatcher - INFO - Connection established (tryings = 6, bot id = 8311431448)
2026-02-03 11:02:47,474 - aiogram.dispatcher - WARNING - Received SIGINT signal
2026-02-03 11:02:47,476 - aiogram.dispatcher - INFO - Polling stopped for bot @testfor_test_bot id=8311431448 - 'Test Banan'
2026-02-03 11:02:47,476 - aiogram.dispatcher - INFO - Polling stopped
