2026-02-03 11:02:58,108 - app.services.yandex_metrica - INFO - 📊 Yandex Metrica инициализирован (enabled=True)
2026-02-03 11:02:58,108 - __main__ - INFO - ✅ Бот запущен!
2026-02-03 11:02:58,109 - apscheduler.scheduler - INFO - Adding job tentatively -- it will be properly scheduled when the scheduler starts
2026-02-03 11:02:58,109 - apscheduler.scheduler - INFO - Added job "send_daily_report" to job store "default"
2026-02-03 11:02:58,109 - apscheduler.scheduler - INFO - Scheduler started
2026-02-03 11:02:58,109 - __main__ - INFO - 📅 Планировщик запущен: отчёты будут отправляться в 04:30
2026-02-03 11:02:58,109 - __main__ - INFO - 🚀 Сервер оплат запущен на порту 5001
2026-02-03 11:02:58,109 - aiogram.dispatcher - INFO - Start polling
2026-02-03 11:02:58,738 - aiogram.dispatcher - INFO - Run polling for bot @testfor_test_bot id=8311431448 - 'Test Banan'
2026-02-03 11:03:09,461 - aiogram.event - INFO - Update id=171763433 is handled. Duration 906 ms by bot id=8311431448
2026-02-03 11:03:18,964 - aiogram.event - INFO - Update id=171763434 is not handled. Duration 4 ms by bot id=8311431448
2026-02-03 11:09:28,606 - aiogram.dispatcher - WARNING - Received SIGINT signal
2026-02-03 11:09:28,607 - aiogram.dispatcher - INFO - Polling stopped for bot @testfor_test_bot id=8311431448 - 'Test Banan'
2026-02-03 11:09:28,607 - aiogram.dispatcher - INFO - Polling stopped
2026-02-03 11:17:09,752 - app.services.yandex_metrica - INFO - 📊 Yandex Metrica инициализирован (enabled=True)
2026-02-03 11:17:09,752 - __main__ - INFO - ✅ Бот запущен!
2026-02-03 11:17:09,753 - apscheduler.scheduler - INFO - Adding job tentatively -- it will be properly scheduled when the scheduler starts
2026-02-03 11:17:09,753 - apscheduler.scheduler - INFO - Added job "send_daily_report" to job store "default"
2026-02-03 11:17:09,753 - apscheduler.scheduler - INFO - Scheduler started
2026-02-03 11:17:09,753 - __main__ - INFO - 📅 Планировщик запущен: отчёты будут отправляться в 04:30
2026-02-03 11:17:09,754 - __main__ - INFO - 🚀 Сервер оплат запущен на порту 5001
2026-02-03 11:17:09,754 - aiogram.dispatcher - INFO - Start polling
2026-02-03 11:17:10,373 - aiogram.dispatcher - INFO - Run polling for bot @testfor_test_bot id=8311431448 - 'Test Banan'
2026-02-03 11:17:10,610 - __main__ - INFO - 🔥🔥🔥 МОЙ FILE ID: AgACAgIAAxkBAAILammBdrc5l6EbshggjYMHf0fFExfhAAKVDWsbQmEISPeRR0Wf-bVgAQADAgADeQADOAQ
2026-02-03 11:17:11,513 - aiogram.event - INFO - Update id=171763436 is handled. Duration 923 ms by bot id=8311431448
2026-02-03 11:17:11,765 - aiogram.event - INFO - Update id=171763435 is handled. Duration 1177 ms by bot id=8311431448
2026-02-03 11:17:19,484 - aiogram.event - INFO - Update id=171763437 is not handled. Duration 3 ms by bot id=8311431448
2026-02-03 11:18:33,681 - aiogram.event - INFO - Update id=171763438 is handled. Duration 250 ms by bot id=8311431448
2026-02-03 11:18:40,061 - __main__ - INFO - 🔥🔥🔥 МОЙ FILE ID: AgACAgIAAxkBAAILammBdrc5l6EbshggjYMHf0fFExfhAAKVDWsbQmEISPeRR0Wf-bVgAQADAgADeQADOAQ
2026-02-03 11:18:40,501 - aiogram.event - INFO - Update id=171763439 is handled. Duration 443 ms by bot id=8311431448
2026-02-03 11:18:42,268 - aiogram.event - INFO - Update id=171763440 is handled. Duration 247 ms by bot id=8311431448
2026-02-03 11:18:44,693 - aiogram.event - INFO - Update id=171763441 is handled. Duration 462 ms by bot id=8311431448
2026-02-03 11:18:46,660 - __main__ - INFO - 💎 [KIE CORE] Mode: EDIT (Multi-Image) | Res: 1K | Imgs: 1
2026-02-03 11:20:07,962 - __main__ - INFO - ✨ Kie: Успех! (Task b476bfeed3a178e730b1a221397952a3)
2026-02-03 11:20:10,787 - aiogram.event - INFO - Update id=171763442 is handled. Duration 84905 ms by bot id=8311431448
2026-02-03 11:31:58,794 - aiogram.dispatcher - ERROR - Failed to fetch updates - TelegramNetworkError: HTTP Client says - Request timeout error
2026-02-03 11:31:58,794 - aiogram.dispatcher - WARNING - Sleep for 1.000000 seconds and try again... (tryings = 0, bot id = 8311431448)
2026-02-03 11:32:10,453 - aiogram.dispatcher - INFO - Connection established (tryings = 1, bot id = 8311431448)
2026-02-03 12:15:58,355 - app.services.yandex_metrica - INFO - 📊 Yandex Metrica инициализирован (enabled=True)
2026-02-03 12:15:58,355 - __main__ - INFO - ✅ Бот запущен!
2026-02-03 12:15:58,356 - apscheduler.scheduler - INFO - Adding job tentatively -- it will be properly scheduled when the scheduler starts
2026-02-03 12:15:58,356 - apscheduler.scheduler - INFO - Added job "send_daily_report" to job store "default"
2026-02-03 12:15:58,356 - apscheduler.scheduler - INFO - Scheduler started
2026-02-03 12:15:58,356 - __main__ - INFO - 📅 Планировщик запущен: отчёты будут отправляться в 04:30
2026-02-03 12:15:58,357 - __main__ - INFO - 🚀 Сервер оплат запущен на порту 5001
2026-02-03 12:15:58,357 - aiogram.dispatcher - INFO - Start polling
2026-02-03 12:15:59,042 - aiogram.dispatcher - INFO - Run polling for bot @testfor_test_bot id=8311431448 - 'Test Banan'
2026-02-03 12:16:17,976 - aiogram.event - INFO - Update id=171763443 is handled. Duration 48 ms by bot id=8311431448
2026-02-03 12:16:19,728 - aiogram.event - INFO - Update id=171763444 is handled. Duration 1799 ms by bot id=8311431448
2026-02-03 12:16:28,065 - aiogram.event - INFO - Update id=171763445 is handled. Duration 695 ms by bot id=8311431448
2026-02-03 12:17:11,071 - aiogram.event - INFO - Update id=171763446 is handled. Duration 266 ms by bot id=8311431448
2026-02-03 12:17:18,155 - __main__ - INFO - 🔥🔥🔥 МОЙ FILE ID: AgACAgIAAxkBAAILd2mBhKIj0kHPr4OV2wABnmeYSgbgUgACrgtrG2oeEEgT2Ci-EwABixUBAAMCAAN5AAM4BA
2026-02-03 12:17:18,642 - aiogram.event - INFO - Update id=171763447 is handled. Duration 494 ms by bot id=8311431448
2026-02-03 12:17:25,624 - aiogram.event - INFO - Update id=171763448 is handled. Duration 663 ms by bot id=8311431448
2026-02-03 12:17:28,999 - aiogram.event - INFO - Update id=171763449 is handled. Duration 267 ms by bot id=8311431448
2026-02-03 12:17:38,259 - aiogram.event - INFO - Update id=171763450 is handled. Duration 605 ms by bot id=8311431448
2026-02-03 12:17:41,554 - aiogram.event - INFO - Update id=171763451 is handled. Duration 484 ms by bot id=8311431448
2026-02-03 12:17:50,431 - __main__ - INFO - 🔥🔥🔥 МОЙ FILE ID: AgACAgIAAxkBAAILd2mBhKIj0kHPr4OV2wABnmeYSgbgUgACrgtrG2oeEEgT2Ci-EwABixUBAAMCAAN5AAM4BA
2026-02-03 12:17:50,919 - aiogram.event - INFO - Update id=171763452 is handled. Duration 495 ms by bot id=8311431448
2026-02-03 12:17:53,667 - aiogram.event - INFO - Update id=171763453 is handled. Duration 507 ms by bot id=8311431448
2026-02-03 12:18:02,646 - __main__ - INFO - 🔥🔥🔥 МОЙ FILE ID: AgACAgIAAxkBAAILeGmBhKLheolgEryrUg6U8VG5IX5UAAKwC2sbah4QSJ4cyId-u-P_AQADAgADeAADOAQ
2026-02-03 12:18:03,131 - aiogram.event - INFO - Update id=171763454 is handled. Duration 495 ms by bot id=8311431448
2026-02-03 12:24:20,693 - aiogram.dispatcher - ERROR - Failed to fetch updates - TelegramNetworkError: HTTP Client says - Request timeout error
2026-02-03 12:24:20,694 - aiogram.dispatcher - WARNING - Sleep for 1.000000 seconds and try again... (tryings = 0, bot id = 8311431448)
2026-02-03 12:24:32,608 - aiogram.dispatcher - INFO - Connection established (tryings = 1, bot id = 8311431448)
2026-02-03 12:25:17,866 - aiogram.dispatcher - ERROR - Failed to fetch updates - TelegramNetworkError: HTTP Client says - ClientOSError: [Errno 54] Connection reset by peer
2026-02-03 12:25:17,866 - aiogram.dispatcher - WARNING - Sleep for 1.000000 seconds and try again... (tryings = 0, bot id = 8311431448)
2026-02-03 12:25:30,053 - aiogram.dispatcher - INFO - Connection established (tryings = 1, bot id = 8311431448)
2026-02-03 12:28:55,520 - aiogram.dispatcher - WARNING - Received SIGINT signal
2026-02-03 12:28:55,523 - aiogram.dispatcher - INFO - Polling stopped for bot @testfor_test_bot id=8311431448 - 'Test Banan'
2026-02-03 12:28:55,523 - aiogram.dispatcher - INFO - Polling stopped
2026-02-03 12:29:01,854 - app.services.yandex_metrica - INFO - 📊 Yandex Metrica инициализирован (enabled=True)
2026-02-03 12:29:01,854 - __main__ - INFO - ✅ Бот запущен!
2026-02-03 12:29:01,855 - apscheduler.scheduler - INFO - Adding job tentatively -- it will be properly scheduled when the scheduler starts
2026-02-03 12:29:01,855 - apscheduler.scheduler - INFO - Added job "send_daily_report" to job store "default"
2026-02-03 12:29:01,855 - apscheduler.scheduler - INFO - Scheduler started
2026-02-03 12:29:01,855 - __main__ - INFO - 📅 Планировщик запущен: отчёты будут отправляться в 04:30
2026-02-03 12:29:01,856 - __main__ - INFO - 🚀 Сервер оплат запущен на порту 5001
2026-02-03 12:29:01,856 - aiogram.dispatcher - INFO - Start polling
2026-02-03 12:29:03,999 - aiogram.dispatcher - INFO - Run polling for bot @testfor_test_bot id=8311431448 - 'Test Banan'
2026-02-03 12:29:05,763 - aiogram.event - INFO - Update id=171763455 is handled. Duration 809 ms by bot id=8311431448
2026-02-03 12:29:13,142 - aiogram.event - INFO - Update id=171763456 is handled. Duration 1997 ms by bot id=8311431448
2026-02-03 12:29:14,802 - aiogram.event - INFO - Update id=171763457 is handled. Duration 611 ms by bot id=8311431448
2026-02-03 12:29:17,501 - aiogram.event - INFO - Update id=171763458 is handled. Duration 483 ms by bot id=8311431448
2026-02-03 12:29:25,233 - aiogram.event - INFO - Update id=171763459 is handled. Duration 16 ms by bot id=8311431448
2026-02-03 12:29:26,534 - aiogram.event - INFO - Update id=171763460 is handled. Duration 1317 ms by bot id=8311431448
2026-02-03 12:29:31,495 - aiogram.event - INFO - Update id=171763461 is handled. Duration 302 ms by bot id=8311431448
2026-02-03 12:29:36,273 - aiogram.event - INFO - Update id=171763462 is not handled. Duration 260 ms by bot id=8311431448
2026-02-03 12:29:36,273 - aiogram.event - ERROR - Cause exception while process update id=171763462 by bot id=8311431448
TelegramNetworkError: HTTP Client says - ClientOSError: [Errno 54] Connection reset by peer
Traceback (most recent call last):
  File "/Library/Frameworks/Python.framework/Versions/3.13/lib/python3.13/asyncio/selector_events.py", line 980, in _read_ready__get_buffer
    nbytes = self._sock.recv_into(buf)
ConnectionResetError: [Errno 54] Connection reset by peer

The above exception was the direct cause of the following exception:

Traceback (most recent call last):
  File "/Users/capybara/Projects/NaNoBanana/venv/lib/python3.13/site-packages/aiogram/client/session/aiohttp.py", line 177, in make_request
    async with session.post(
               ~~~~~~~~~~~~^
        url, data=form, timeout=self.timeout if timeout is None else timeout
        ^^^^^^^^^^^^^^^^^^^^^^^^^^^^^^^^^^^^^^^^^^^^^^^^^^^^^^^^^^^^^^^^^^^^
    ) as resp:
    ^
  File "/Users/capybara/Projects/NaNoBanana/venv/lib/python3.13/site-packages/aiohttp/client.py", line 1488, in __aenter__
    self._resp: _RetType = await self._coro
                           ^^^^^^^^^^^^^^^^
  File "/Users/capybara/Projects/NaNoBanana/venv/lib/python3.13/site-packages/aiohttp/client.py", line 770, in _request
    resp = await handler(req)
           ^^^^^^^^^^^^^^^^^^
  File "/Users/capybara/Projects/NaNoBanana/venv/lib/python3.13/site-packages/aiohttp/client.py", line 748, in _connect_and_send_request
    await resp.start(conn)
  File "/Users/capybara/Projects/NaNoBanana/venv/lib/python3.13/site-packages/aiohttp/client_reqrep.py", line 532, in start
    message, payload = await protocol.read()  # type: ignore[union-attr]
                       ^^^^^^^^^^^^^^^^^^^^^
  File "/Users/capybara/Projects/NaNoBanana/venv/lib/python3.13/site-packages/aiohttp/streams.py", line 672, in read
    await self._waiter
aiohttp.client_exceptions.ClientOSError: [Errno 54] Connection reset by peer

During handling of the above exception, another exception occurred:

Traceback (most recent call last):
  File "/Users/capybara/Projects/NaNoBanana/venv/lib/python3.13/site-packages/aiogram/dispatcher/dispatcher.py", line 309, in _process_update
    response = await self.feed_update(bot, update, **kwargs)
               ^^^^^^^^^^^^^^^^^^^^^^^^^^^^^^^^^^^^^^^^^^^^^
  File "/Users/capybara/Projects/NaNoBanana/venv/lib/python3.13/site-packages/aiogram/dispatcher/dispatcher.py", line 158, in feed_update
    response = await self.update.wrap_outer_middleware(
               ^^^^^^^^^^^^^^^^^^^^^^^^^^^^^^^^^^^^^^^^
    ...<7 lines>...
    )
    ^
  File "/Users/capybara/Projects/NaNoBanana/venv/lib/python3.13/site-packages/aiogram/dispatcher/middlewares/error.py", line 25, in __call__
    return await handler(event, data)
           ^^^^^^^^^^^^^^^^^^^^^^^^^^
  File "/Users/capybara/Projects/NaNoBanana/venv/lib/python3.13/site-packages/aiogram/dispatcher/middlewares/user_context.py", line 56, in __call__
    return await handler(event, data)
           ^^^^^^^^^^^^^^^^^^^^^^^^^^
  File "/Users/capybara/Projects/NaNoBanana/venv/lib/python3.13/site-packages/aiogram/fsm/middleware.py", line 42, in __call__
    return await handler(event, data)
           ^^^^^^^^^^^^^^^^^^^^^^^^^^
  File "/Users/capybara/Projects/NaNoBanana/venv/lib/python3.13/site-packages/aiogram/dispatcher/event/telegram.py", line 121, in trigger
    return await wrapped_inner(event, kwargs)
           ^^^^^^^^^^^^^^^^^^^^^^^^^^^^^^^^^^
  File "/Users/capybara/Projects/NaNoBanana/venv/lib/python3.13/site-packages/aiogram/dispatcher/event/handler.py", line 43, in call
    return await wrapped()
           ^^^^^^^^^^^^^^^
  File "/Users/capybara/Projects/NaNoBanana/venv/lib/python3.13/site-packages/aiogram/dispatcher/dispatcher.py", line 276, in _listen_update
    return await self.propagate_event(update_type=update_type, event=event, **kwargs)
           ^^^^^^^^^^^^^^^^^^^^^^^^^^^^^^^^^^^^^^^^^^^^^^^^^^^^^^^^^^^^^^^^^^^^^^^^^^
  File "/Users/capybara/Projects/NaNoBanana/venv/lib/python3.13/site-packages/aiogram/dispatcher/router.py", line 146, in propagate_event
    return await observer.wrap_outer_middleware(_wrapped, event=event, data=kwargs)
           ^^^^^^^^^^^^^^^^^^^^^^^^^^^^^^^^^^^^^^^^^^^^^^^^^^^^^^^^^^^^^^^^^^^^^^^^
  File "/Users/capybara/Projects/NaNoBanana/venv/lib/python3.13/site-packages/aiogram/dispatcher/router.py", line 141, in _wrapped
    return await self._propagate_event(
           ^^^^^^^^^^^^^^^^^^^^^^^^^^^^
        observer=observer, update_type=update_type, event=telegram_event, **data
        ^^^^^^^^^^^^^^^^^^^^^^^^^^^^^^^^^^^^^^^^^^^^^^^^^^^^^^^^^^^^^^^^^^^^^^^^
    )
    ^
  File "/Users/capybara/Projects/NaNoBanana/venv/lib/python3.13/site-packages/aiogram/dispatcher/router.py", line 174, in _propagate_event
    response = await router.propagate_event(update_type=update_type, event=event, **kwargs)
               ^^^^^^^^^^^^^^^^^^^^^^^^^^^^^^^^^^^^^^^^^^^^^^^^^^^^^^^^^^^^^^^^^^^^^^^^^^^^
  File "/Users/capybara/Projects/NaNoBanana/venv/lib/python3.13/site-packages/aiogram/dispatcher/router.py", line 146, in propagate_event
    return await observer.wrap_outer_middleware(_wrapped, event=event, data=kwargs)
           ^^^^^^^^^^^^^^^^^^^^^^^^^^^^^^^^^^^^^^^^^^^^^^^^^^^^^^^^^^^^^^^^^^^^^^^^
  File "/Users/capybara/Projects/NaNoBanana/venv/lib/python3.13/site-packages/aiogram/dispatcher/router.py", line 141, in _wrapped
    return await self._propagate_event(
           ^^^^^^^^^^^^^^^^^^^^^^^^^^^^
        observer=observer, update_type=update_type, event=telegram_event, **data
        ^^^^^^^^^^^^^^^^^^^^^^^^^^^^^^^^^^^^^^^^^^^^^^^^^^^^^^^^^^^^^^^^^^^^^^^^
    )
    ^
  File "/Users/capybara/Projects/NaNoBanana/venv/lib/python3.13/site-packages/aiogram/dispatcher/router.py", line 166, in _propagate_event
    response = await observer.trigger(event, **kwargs)
               ^^^^^^^^^^^^^^^^^^^^^^^^^^^^^^^^^^^^^^^
  File "/Users/capybara/Projects/NaNoBanana/venv/lib/python3.13/site-packages/aiogram/dispatcher/event/telegram.py", line 121, in trigger
    return await wrapped_inner(event, kwargs)
           ^^^^^^^^^^^^^^^^^^^^^^^^^^^^^^^^^^
  File "/Users/capybara/Projects/Test - Nana - Banana/app/middlewares/block_middleware.py", line 35, in __call__
    return await handler(event, data)
           ^^^^^^^^^^^^^^^^^^^^^^^^^^
  File "/Users/capybara/Projects/Test - Nana - Banana/app/middlewares/antifraud.py", line 42, in __call__
    return await handler(event, data)
           ^^^^^^^^^^^^^^^^^^^^^^^^^^
  File "/Users/capybara/Projects/Test - Nana - Banana/app/middlewares/admin_spy.py", line 31, in __call__
    return await handler(event, data)
           ^^^^^^^^^^^^^^^^^^^^^^^^^^
  File "/Users/capybara/Projects/Test - Nana - Banana/app/middlewares/complaint_filter.py", line 79, in __call__
    return await handler(event, data)
           ^^^^^^^^^^^^^^^^^^^^^^^^^^
  File "/Users/capybara/Projects/Test - Nana - Banana/app/middlewares/album.py", line 20, in __call__
    return await handler(event, data)
           ^^^^^^^^^^^^^^^^^^^^^^^^^^
  File "/Users/capybara/Projects/NaNoBanana/venv/lib/python3.13/site-packages/aiogram/dispatcher/event/handler.py", line 43, in call
    return await wrapped()
           ^^^^^^^^^^^^^^^
  File "/Users/capybara/Projects/Test - Nana - Banana/app/handlers/generation.py", line 652, in cmd_start_creating
    await message.answer(text, parse_mode="Markdown", reply_markup=keyboard)
  File "/Users/capybara/Projects/NaNoBanana/venv/lib/python3.13/site-packages/aiogram/methods/base.py", line 84, in emit
    return await bot(self)
           ^^^^^^^^^^^^^^^
  File "/Users/capybara/Projects/NaNoBanana/venv/lib/python3.13/site-packages/aiogram/client/bot.py", line 485, in __call__
    return await self.session(self, method, timeout=request_timeout)
           ^^^^^^^^^^^^^^^^^^^^^^^^^^^^^^^^^^^^^^^^^^^^^^^^^^^^^^^^^
  File "/Users/capybara/Projects/NaNoBanana/venv/lib/python3.13/site-packages/aiogram/client/session/base.py", line 254, in __call__
    return cast(TelegramType, await middleware(bot, method))
                              ^^^^^^^^^^^^^^^^^^^^^^^^^^^^^
  File "/Users/capybara/Projects/NaNoBanana/venv/lib/python3.13/site-packages/aiogram/client/session/aiohttp.py", line 184, in make_request
    raise TelegramNetworkError(method=method, message=f"{type(e).__name__}: {e}")
aiogram.exceptions.TelegramNetworkError: HTTP Client says - ClientOSError: [Errno 54] Connection reset by peer
2026-02-03 12:31:07,184 - aiogram.dispatcher - ERROR - Failed to fetch updates - TelegramNetworkError: HTTP Client says - Request timeout error
2026-02-03 12:31:07,186 - aiogram.dispatcher - WARNING - Sleep for 1.000000 seconds and try again... (tryings = 0, bot id = 8311431448)
2026-02-03 12:31:08,776 - aiogram.dispatcher - INFO - Connection established (tryings = 1, bot id = 8311431448)
2026-02-03 12:31:09,724 - aiogram.event - INFO - Update id=171763464 is handled. Duration 946 ms by bot id=8311431448
2026-02-03 12:31:20,416 - aiogram.event - INFO - Update id=171763463 is handled. Duration 11638 ms by bot id=8311431448
2026-02-03 12:31:23,098 - aiogram.dispatcher - WARNING - Received SIGINT signal
2026-02-03 12:31:23,099 - aiogram.dispatcher - INFO - Polling stopped for bot @testfor_test_bot id=8311431448 - 'Test Banan'
2026-02-03 12:31:23,099 - aiogram.dispatcher - INFO - Polling stopped
2026-02-03 12:31:29,847 - app.services.yandex_metrica - INFO - 📊 Yandex Metrica инициализирован (enabled=True)
2026-02-03 12:31:29,847 - __main__ - INFO - ✅ Бот запущен!
2026-02-03 12:31:29,848 - apscheduler.scheduler - INFO - Adding job tentatively -- it will be properly scheduled when the scheduler starts
2026-02-03 12:31:29,848 - apscheduler.scheduler - INFO - Added job "send_daily_report" to job store "default"
2026-02-03 12:31:29,848 - apscheduler.scheduler - INFO - Scheduler started
2026-02-03 12:31:29,848 - __main__ - INFO - 📅 Планировщик запущен: отчёты будут отправляться в 04:30
2026-02-03 12:31:29,848 - __main__ - INFO - 🚀 Сервер оплат запущен на порту 5001
2026-02-03 12:31:29,848 - aiogram.dispatcher - INFO - Start polling
2026-02-03 12:31:31,403 - aiogram.dispatcher - INFO - Run polling for bot @testfor_test_bot id=8311431448 - 'Test Banan'
2026-02-03 12:31:53,754 - __main__ - INFO - 🔥🔥🔥 МОЙ FILE ID: AgACAgIAAxkBAAILd2mBhKIj0kHPr4OV2wABnmeYSgbgUgACrgtrG2oeEEgT2Ci-EwABixUBAAMCAAN5AAM4BA
2026-02-03 12:31:54,849 - aiogram.event - INFO - Update id=171763465 is handled. Duration 1114 ms by bot id=8311431448
2026-02-03 12:32:17,132 - aiogram.event - INFO - Update id=171763467 is handled. Duration 16 ms by bot id=8311431448
2026-02-03 12:32:19,379 - aiogram.event - INFO - Update id=171763466 is handled. Duration 2263 ms by bot id=8311431448
2026-02-03 12:32:25,422 - __main__ - INFO - 🎨 Создаю коллаж из 2 фото...
2026-02-03 12:32:35,683 - aiogram.event - INFO - Update id=171763470 is not handled. Duration 7 ms by bot id=8311431448
2026-02-03 12:32:35,684 - aiogram.event - INFO - Update id=171763471 is not handled. Duration 7 ms by bot id=8311431448
2026-02-03 12:32:35,684 - aiogram.event - INFO - Update id=171763469 is not handled. Duration 8 ms by bot id=8311431448
2026-02-03 12:32:38,932 - __main__ - INFO - ✅ Коллаж создан: https://api.telegram.org/file/bot8311431448:AAHf7T...
2026-02-03 12:32:38,932 - __main__ - INFO - 📝 Промпт изменён: Создай крупный детализированный портрет, не изменяя черты лица. Крупный план (extreme close-up) двух лиц, женщины и мужчины. IMPORTANT: Combine both s...
2026-02-03 12:32:39,593 - __main__ - INFO - 💎 [KIE CORE] Mode: EDIT (Multi-Image) | Res: 1K | Imgs: 1
2026-02-03 12:32:56,733 - __main__ - INFO - ✨ Kie: Успех! (Task e05bcca61e4637fc303295455a78da1a)
2026-02-03 12:33:01,163 - aiogram.event - INFO - Update id=171763468 is handled. Duration 36000 ms by bot id=8311431448
2026-02-03 12:33:55,018 - aiogram.event - INFO - Update id=171763472 is handled. Duration 261 ms by bot id=8311431448
2026-02-03 12:33:57,606 - aiogram.event - INFO - Update id=171763474 is handled. Duration 6 ms by bot id=8311431448
2026-02-03 12:33:58,921 - aiogram.event - INFO - Update id=171763473 is handled. Duration 1321 ms by bot id=8311431448
2026-02-03 12:34:03,583 - aiogram.event - INFO - Update id=171763476 is handled. Duration 9 ms by bot id=8311431448
2026-02-03 12:34:03,589 - aiogram.event - INFO - Update id=171763477 is handled. Duration 15 ms by bot id=8311431448
2026-02-03 12:34:03,663 - __main__ - INFO - 💎 [KIE CORE] Mode: EDIT (Multi-Image) | Res: 1K | Imgs: 2
2026-02-03 12:34:05,117 - aiogram.event - INFO - Update id=171763478 is handled. Duration 1543 ms by bot id=8311431448
2026-02-03 12:34:26,120 - __main__ - INFO - ✨ Kie: Успех! (Task 3757e44002486342b1ec57f2c3c86307)
2026-02-03 12:34:26,551 - aiogram.event - INFO - Update id=171763480 is not handled. Duration 7 ms by bot id=8311431448
2026-02-03 12:34:26,551 - aiogram.event - INFO - Update id=171763479 is not handled. Duration 8 ms by bot id=8311431448
2026-02-03 12:34:26,552 - aiogram.event - INFO - Update id=171763481 is not handled. Duration 8 ms by bot id=8311431448
2026-02-03 12:34:32,746 - aiogram.event - INFO - Update id=171763475 is handled. Duration 29984 ms by bot id=8311431448
2026-02-03 12:34:38,898 - aiogram.event - INFO - Update id=171763482 is handled. Duration 345 ms by bot id=8311431448
2026-02-03 12:34:52,167 - aiogram.event - INFO - Update id=171763484 is handled. Duration 8 ms by bot id=8311431448
2026-02-03 12:34:52,168 - aiogram.event - INFO - Update id=171763483 is handled. Duration 9 ms by bot id=8311431448
2026-02-03 12:34:54,112 - aiogram.event - INFO - Update id=171763485 is handled. Duration 1952 ms by bot id=8311431448
2026-02-03 12:35:36,684 - aiogram.event - INFO - Update id=171763486 is handled. Duration 8 ms by bot id=8311431448
2026-02-03 12:35:39,429 - aiogram.event - INFO - Update id=171763487 is handled. Duration 2753 ms by bot id=8311431448
2026-02-03 12:35:42,801 - aiogram.event - INFO - Update id=171763488 is handled. Duration 1113 ms by bot id=8311431448
2026-02-03 12:35:44,575 - __main__ - INFO - 💎 [KIE CORE] Mode: EDIT (Multi-Image) | Res: 1K | Imgs: 2
2026-02-03 12:35:44,992 - aiogram.event - INFO - Update id=171763490 is handled. Duration 773 ms by bot id=8311431448
2026-02-03 12:35:51,701 - aiogram.event - INFO - Update id=171763491 is handled. Duration 1697 ms by bot id=8311431448
2026-02-03 12:35:57,337 - aiogram.event - INFO - Update id=171763492 is handled. Duration 1651 ms by bot id=8311431448
2026-02-03 12:36:34,057 - __main__ - INFO - ✨ Kie: Успех! (Task ae2a7a4326dead5591541332c491d2f1)
2026-02-03 12:36:38,234 - aiogram.event - INFO - Update id=171763489 is handled. Duration 55041 ms by bot id=8311431448
2026-02-03 12:37:51,015 - aiogram.event - INFO - Update id=171763494 is handled. Duration 10 ms by bot id=8311431448
2026-02-03 12:37:52,905 - aiogram.event - INFO - Update id=171763493 is handled. Duration 1900 ms by bot id=8311431448
2026-02-03 12:37:55,542 - aiogram.event - INFO - Update id=171763495 is handled. Duration 966 ms by bot id=8311431448
2026-02-03 12:37:58,677 - aiogram.event - INFO - Update id=171763496 is handled. Duration 525 ms by bot id=8311431448
2026-02-03 12:38:00,163 - aiogram.event - INFO - Update id=171763497 is handled. Duration 450 ms by bot id=8311431448
2026-02-03 12:38:02,417 - aiogram.event - INFO - Update id=171763498 is handled. Duration 473 ms by bot id=8311431448
2026-02-03 12:39:11,491 - aiogram.event - INFO - Update id=171763499 is handled. Duration 597 ms by bot id=8311431448
2026-02-03 12:39:12,744 - app.handlers.admin - INFO - 👑 ADMIN LOG: Admin 627352144 | Action: found_user | Target: 427826595
2026-02-03 12:39:13,894 - aiogram.event - INFO - Update id=171763500 is handled. Duration 1164 ms by bot id=8311431448
2026-02-03 12:39:16,399 - aiogram.event - INFO - Update id=171763501 is handled. Duration 770 ms by bot id=8311431448
2026-02-03 12:39:18,509 - app.handlers.admin - INFO - 👑 ADMIN LOG: Admin 627352144 | Action: balance_change: +100 | Target: 427826595
2026-02-03 12:39:19,378 - aiogram.event - INFO - Update id=171763502 is handled. Duration 877 ms by bot id=8311431448
2026-02-03 12:39:31,170 - __main__ - INFO - 💎 [KIE CORE] Mode: PRO | Res: 1K | Imgs: 2
2026-02-03 12:41:04,066 - __main__ - INFO - ✨ Kie: Успех! (Task 417ba345f29744552479ae821b713ebc)
2026-02-03 12:41:16,206 - aiogram.event - INFO - Update id=171763503 is handled. Duration 106900 ms by bot id=8311431448
2026-02-03 12:41:49,326 - aiogram.dispatcher - ERROR - Failed to fetch updates - TelegramNetworkError: HTTP Client says - ClientOSError: [Errno 54] Connection reset by peer
2026-02-03 12:41:49,326 - aiogram.dispatcher - WARNING - Sleep for 1.000000 seconds and try again... (tryings = 0, bot id = 8311431448)
2026-02-03 12:42:00,634 - aiogram.dispatcher - INFO - Connection established (tryings = 1, bot id = 8311431448)
2026-02-03 12:44:21,434 - aiogram.event - INFO - Update id=171763504 is handled. Duration 1193 ms by bot id=8311431448
2026-02-03 12:44:24,964 - aiogram.event - INFO - Update id=171763505 is handled. Duration 1063 ms by bot id=8311431448
2026-02-03 12:45:26,886 - aiogram.event - INFO - Update id=171763507 is handled. Duration 20 ms by bot id=8311431448
2026-02-03 12:45:26,886 - aiogram.event - INFO - Update id=171763506 is handled. Duration 21 ms by bot id=8311431448
2026-02-03 12:45:26,892 - aiogram.event - INFO - Update id=171763510 is handled. Duration 26 ms by bot id=8311431448
2026-02-03 12:45:26,893 - aiogram.event - INFO - Update id=171763508 is handled. Duration 26 ms by bot id=8311431448
2026-02-03 12:45:27,638 - aiogram.event - INFO - Update id=171763509 is handled. Duration 772 ms by bot id=8311431448
2026-02-03 12:45:41,942 - aiogram.event - INFO - Update id=171763512 is handled. Duration 9 ms by bot id=8311431448
2026-02-03 12:45:41,942 - aiogram.event - INFO - Update id=171763513 is handled. Duration 9 ms by bot id=8311431448
2026-02-03 12:45:43,421 - aiogram.event - INFO - Update id=171763511 is handled. Duration 1489 ms by bot id=8311431448
2026-02-03 12:46:16,630 - aiogram.dispatcher - WARNING - Received SIGINT signal
2026-02-03 12:46:16,632 - aiogram.dispatcher - INFO - Polling stopped for bot @testfor_test_bot id=8311431448 - 'Test Banan'
2026-02-03 12:46:16,632 - aiogram.dispatcher - INFO - Polling stopped
2026-02-03 13:46:49,235 - app.services.yandex_metrica - INFO - 📊 Yandex Metrica инициализирован (enabled=True)
2026-02-03 13:46:49,235 - __main__ - INFO - ✅ Бот запущен!
2026-02-03 13:46:49,236 - apscheduler.scheduler - INFO - Adding job tentatively -- it will be properly scheduled when the scheduler starts
2026-02-03 13:46:49,236 - apscheduler.scheduler - INFO - Added job "send_daily_report" to job store "default"
2026-02-03 13:46:49,236 - apscheduler.scheduler - INFO - Scheduler started
2026-02-03 13:46:49,236 - __main__ - INFO - 📅 Планировщик запущен: отчёты будут отправляться в 04:30
2026-02-03 13:46:49,236 - __main__ - INFO - 🚀 Сервер оплат запущен на порту 5001
2026-02-03 13:46:49,236 - aiogram.dispatcher - INFO - Start polling
2026-02-03 13:46:50,290 - aiogram.dispatcher - INFO - Run polling for bot @testfor_test_bot id=8311431448 - 'Test Banan'
2026-02-03 13:46:54,701 - aiogram.event - INFO - Update id=171763514 is handled. Duration 856 ms by bot id=8311431448
2026-02-03 13:47:51,075 - aiogram.event - INFO - Update id=171763515 is handled. Duration 290 ms by bot id=8311431448
2026-02-03 13:48:01,393 - aiogram.dispatcher - ERROR - Failed to fetch updates - TelegramNetworkError: HTTP Client says - ClientOSError: [Errno 54] Connection reset by peer
2026-02-03 13:48:01,394 - aiogram.dispatcher - WARNING - Sleep for 1.000000 seconds and try again... (tryings = 0, bot id = 8311431448)
2026-02-03 13:48:13,082 - aiogram.dispatcher - INFO - Connection established (tryings = 1, bot id = 8311431448)
2026-02-03 13:48:36,010 - __main__ - INFO - ⚠️ СБП не создан (возможно отключен в настройках): {'type': 'error', 'id': '019c2242-996d-798c-a7cf-702ffc9aa98e', 'description': 'Payment method is not available', 'code': 'invalid_request'}
2026-02-03 13:48:37,774 - aiogram.event - INFO - Update id=171763516 is handled. Duration 3697 ms by bot id=8311431448
2026-02-03 13:48:51,133 - aiogram.event - INFO - Update id=171763517 is handled. Duration 633 ms by bot id=8311431448
2026-02-03 13:49:18,976 - aiogram.event - INFO - Update id=171763518 is handled. Duration 266 ms by bot id=8311431448
2026-02-03 13:50:18,963 - aiogram.dispatcher - WARNING - Received SIGINT signal
2026-02-03 13:50:18,964 - aiogram.dispatcher - INFO - Polling stopped for bot @testfor_test_bot id=8311431448 - 'Test Banan'
2026-02-03 13:50:18,965 - aiogram.dispatcher - INFO - Polling stopped
2026-02-03 13:50:24,911 - app.services.yandex_metrica - INFO - 📊 Yandex Metrica инициализирован (enabled=True)
2026-02-03 13:50:24,911 - __main__ - INFO - ✅ Бот запущен!
2026-02-03 13:50:24,912 - apscheduler.scheduler - INFO - Adding job tentatively -- it will be properly scheduled when the scheduler starts
2026-02-03 13:50:24,912 - apscheduler.scheduler - INFO - Added job "send_daily_report" to job store "default"
2026-02-03 13:50:24,912 - apscheduler.scheduler - INFO - Scheduler started
2026-02-03 13:50:24,912 - __main__ - INFO - 📅 Планировщик запущен: отчёты будут отправляться в 04:30
2026-02-03 13:50:24,912 - __main__ - INFO - 🚀 Сервер оплат запущен на порту 5001
2026-02-03 13:50:24,912 - aiogram.dispatcher - INFO - Start polling
2026-02-03 13:50:25,560 - aiogram.dispatcher - INFO - Run polling for bot @testfor_test_bot id=8311431448 - 'Test Banan'
2026-02-03 13:50:31,778 - aiogram.event - INFO - Update id=171763519 is handled. Duration 821 ms by bot id=8311431448
2026-02-03 13:50:57,961 - aiogram.dispatcher - WARNING - Received SIGINT signal
2026-02-03 13:50:57,963 - aiogram.dispatcher - INFO - Polling stopped for bot @testfor_test_bot id=8311431448 - 'Test Banan'
2026-02-03 13:50:57,963 - aiogram.dispatcher - INFO - Polling stopped
2026-02-03 13:51:04,023 - app.services.yandex_metrica - INFO - 📊 Yandex Metrica инициализирован (enabled=True)
2026-02-03 13:51:04,023 - __main__ - INFO - ✅ Бот запущен!
2026-02-03 13:51:04,024 - apscheduler.scheduler - INFO - Adding job tentatively -- it will be properly scheduled when the scheduler starts
2026-02-03 13:51:04,024 - apscheduler.scheduler - INFO - Added job "send_daily_report" to job store "default"
2026-02-03 13:51:04,024 - apscheduler.scheduler - INFO - Scheduler started
2026-02-03 13:51:04,024 - __main__ - INFO - 📅 Планировщик запущен: отчёты будут отправляться в 04:30
2026-02-03 13:51:04,024 - __main__ - INFO - 🚀 Сервер оплат запущен на порту 5001
2026-02-03 13:51:04,024 - aiogram.dispatcher - INFO - Start polling
2026-02-03 13:51:04,829 - aiogram.dispatcher - INFO - Run polling for bot @testfor_test_bot id=8311431448 - 'Test Banan'
2026-02-03 13:51:10,093 - aiogram.event - INFO - Update id=171763520 is handled. Duration 699 ms by bot id=8311431448
2026-02-03 13:51:29,164 - aiogram.event - INFO - Update id=171763521 is handled. Duration 357 ms by bot id=8311431448
2026-02-03 13:52:07,877 - __main__ - INFO - ⚠️ СБП не создан (возможно отключен в настройках): {'type': 'error', 'id': '019c2245-d507-7deb-87dc-480e24a875e0', 'description': 'Payment method is not available', 'code': 'invalid_request'}
2026-02-03 13:52:09,123 - aiogram.event - INFO - Update id=171763522 is handled. Duration 2166 ms by bot id=8311431448
2026-02-03 13:52:14,713 - aiogram.event - INFO - Update id=171763523 is handled. Duration 529 ms by bot id=8311431448
2026-02-03 13:52:19,828 - aiogram.dispatcher - WARNING - Received SIGINT signal
2026-02-03 13:52:19,830 - aiogram.dispatcher - INFO - Polling stopped for bot @testfor_test_bot id=8311431448 - 'Test Banan'
2026-02-03 13:52:19,830 - aiogram.dispatcher - INFO - Polling stopped
2026-02-03 13:52:25,419 - app.services.yandex_metrica - INFO - 📊 Yandex Metrica инициализирован (enabled=True)
2026-02-03 13:52:25,419 - __main__ - INFO - ✅ Бот запущен!
2026-02-03 13:52:25,420 - apscheduler.scheduler - INFO - Adding job tentatively -- it will be properly scheduled when the scheduler starts
2026-02-03 13:52:25,420 - apscheduler.scheduler - INFO - Added job "send_daily_report" to job store "default"
2026-02-03 13:52:25,420 - apscheduler.scheduler - INFO - Scheduler started
2026-02-03 13:52:25,420 - __main__ - INFO - 📅 Планировщик запущен: отчёты будут отправляться в 04:30
2026-02-03 13:52:25,421 - __main__ - INFO - 🚀 Сервер оплат запущен на порту 5001
2026-02-03 13:52:25,421 - aiogram.dispatcher - INFO - Start polling
2026-02-03 13:52:26,100 - aiogram.dispatcher - INFO - Run polling for bot @testfor_test_bot id=8311431448 - 'Test Banan'
2026-02-03 13:52:30,352 - aiogram.event - INFO - Update id=171763524 is handled. Duration 704 ms by bot id=8311431448
2026-02-03 13:52:56,607 - aiogram.event - INFO - Update id=171763525 is handled. Duration 244 ms by bot id=8311431448
2026-02-03 13:54:19,873 - __main__ - INFO - ⚠️ СБП не создан (возможно отключен в настройках): {'type': 'error', 'id': '019c2247-d89d-7c15-89b1-5207158ec3ef', 'description': 'Payment method is not available', 'code': 'invalid_request'}
2026-02-03 13:54:21,140 - aiogram.event - INFO - Update id=171763526 is handled. Duration 2238 ms by bot id=8311431448
2026-02-03 13:55:08,251 - aiogram.dispatcher - WARNING - Received SIGINT signal
2026-02-03 13:55:08,253 - aiogram.dispatcher - INFO - Polling stopped for bot @testfor_test_bot id=8311431448 - 'Test Banan'
2026-02-03 13:55:08,253 - aiogram.dispatcher - INFO - Polling stopped
